[22-Feb-2023 11:27:35 UTC] Cron reschedule event error for hook: wp_update_plugins, Error code: could_not_set, Error message: La liste des évènements planifiés n’a pas pu être sauvegardée., Data: {"schedule":"twicedaily","args":[],"interval":43200}
[23-Feb-2023 13:43:28 UTC] PHP Warning:  Undefined variable $characters_query in C:\Users\sumop\Local Sites\koukaki\app\public\wp-content\themes\foce-child\carousel.php on line 21
[23-Feb-2023 13:43:28 UTC] PHP Warning:  Attempt to read property "posts" on null in C:\Users\sumop\Local Sites\koukaki\app\public\wp-content\themes\foce-child\carousel.php on line 21
[23-Feb-2023 13:43:28 UTC] PHP Warning:  Trying to access array offset on value of type null in C:\Users\sumop\Local Sites\koukaki\app\public\wp-content\themes\foce-child\carousel.php on line 21
[23-Feb-2023 13:43:28 UTC] PHP Warning:  Attempt to read property "ID" on null in C:\Users\sumop\Local Sites\koukaki\app\public\wp-content\themes\foce-child\carousel.php on line 23
[23-Feb-2023 13:43:28 UTC] PHP Warning:  Attempt to read property "post_title" on null in C:\Users\sumop\Local Sites\koukaki\app\public\wp-content\themes\foce-child\carousel.php on line 24
[23-Feb-2023 13:43:28 UTC] PHP Warning:  Undefined variable $characters_query in C:\Users\sumop\Local Sites\koukaki\app\public\wp-content\themes\foce-child\carousel.php on line 26
[23-Feb-2023 13:43:28 UTC] PHP Fatal error:  Uncaught Error: Call to a member function next_post() on null in C:\Users\sumop\Local Sites\koukaki\app\public\wp-content\themes\foce-child\carousel.php:26
Stack trace:
#0 C:\Users\sumop\Local Sites\koukaki\app\public\wp-includes\template.php(785): require()
#1 C:\Users\sumop\Local Sites\koukaki\app\public\wp-includes\template.php(718): load_template('C:\\Users\\sumop\\...', false, Array)
#2 C:\Users\sumop\Local Sites\koukaki\app\public\wp-includes\general-template.php(204): locate_template(Array, true, false, Array)
#3 C:\Users\sumop\Local Sites\koukaki\app\public\wp-content\themes\foce-child\front-page.php(39): get_template_part('carousel')
#4 C:\Users\sumop\Local Sites\koukaki\app\public\wp-includes\template-loader.php(106): include('C:\\Users\\sumop\\...')
#5 C:\Users\sumop\Local Sites\koukaki\app\public\wp-blog-header.php(19): require_once('C:\\Users\\sumop\\...')
#6 C:\Users\sumop\Local Sites\koukaki\app\public\index.php(17): require('C:\\Users\\sumop\\...')
#7 {main}
  thrown in C:\Users\sumop\Local Sites\koukaki\app\public\wp-content\themes\foce-child\carousel.php on line 26
[23-Feb-2023 13:44:01 UTC] PHP Warning:  Undefined variable $characters_query in C:\Users\sumop\Local Sites\koukaki\app\public\wp-content\themes\foce-child\carousel.php on line 21
[23-Feb-2023 13:44:01 UTC] PHP Warning:  Attempt to read property "posts" on null in C:\Users\sumop\Local Sites\koukaki\app\public\wp-content\themes\foce-child\carousel.php on line 21
[23-Feb-2023 13:44:01 UTC] PHP Warning:  Trying to access array offset on value of type null in C:\Users\sumop\Local Sites\koukaki\app\public\wp-content\themes\foce-child\carousel.php on line 21
[23-Feb-2023 13:44:01 UTC] PHP Warning:  Attempt to read property "ID" on null in C:\Users\sumop\Local Sites\koukaki\app\public\wp-content\themes\foce-child\carousel.php on line 23
[23-Feb-2023 13:44:01 UTC] PHP Warning:  Attempt to read property "post_title" on null in C:\Users\sumop\Local Sites\koukaki\app\public\wp-content\themes\foce-child\carousel.php on line 24
[23-Feb-2023 13:44:01 UTC] PHP Warning:  Undefined variable $characters_query in C:\Users\sumop\Local Sites\koukaki\app\public\wp-content\themes\foce-child\carousel.php on line 26
[23-Feb-2023 13:44:01 UTC] PHP Fatal error:  Uncaught Error: Call to a member function next_post() on null in C:\Users\sumop\Local Sites\koukaki\app\public\wp-content\themes\foce-child\carousel.php:26
Stack trace:
#0 C:\Users\sumop\Local Sites\koukaki\app\public\wp-includes\template.php(785): require()
#1 C:\Users\sumop\Local Sites\koukaki\app\public\wp-includes\template.php(718): load_template('C:\\Users\\sumop\\...', false, Array)
#2 C:\Users\sumop\Local Sites\koukaki\app\public\wp-includes\general-template.php(204): locate_template(Array, true, false, Array)
#3 C:\Users\sumop\Local Sites\koukaki\app\public\wp-content\themes\foce-child\front-page.php(39): get_template_part('carousel')
#4 C:\Users\sumop\Local Sites\koukaki\app\public\wp-includes\template-loader.php(106): include('C:\\Users\\sumop\\...')
#5 C:\Users\sumop\Local Sites\koukaki\app\public\wp-blog-header.php(19): require_once('C:\\Users\\sumop\\...')
#6 C:\Users\sumop\Local Sites\koukaki\app\public\index.php(17): require('C:\\Users\\sumop\\...')
#7 {main}
  thrown in C:\Users\sumop\Local Sites\koukaki\app\public\wp-content\themes\foce-child\carousel.php on line 26
